Flow report for signalselect
Thu Dec 05 17:50:28 2024
Quartus Prime Version 18.0.0 Build 614 04/24/2018 SJ Standard Edition


---------------------
; Table of Contents ;
---------------------
  1. Legal Notice
  2. Flow Summary
  3. Flow Settings
  4. Flow Non-Default Global Settings
  5. Flow Elapsed Time
  6. Flow OS Summary
  7. Flow Log
  8. Flow Messages
  9. Flow Suppressed Messages



----------------
; Legal Notice ;
----------------
Copyright (C) 2018  Intel Corporation. All rights reserved.
Your use of Intel Corporation's design tools, logic functions 
and other software and tools, and its AMPP partner logic 
functions, and any output files from any of the foregoing 
(including device programming or simulation files), and any 
associated documentation or information are expressly subject 
to the terms and conditions of the Intel Program License 
Subscription Agreement, the Intel Quartus Prime License Agreement,
the Intel FPGA IP License Agreement, or other applicable license
agreement, including, without limitation, that your use is for
the sole purpose of programming logic devices manufactured by
Intel and sold by Intel or its authorized distributors.  Please
refer to the applicable agreement for further details.



+-----------------------------------------------------------------------------------+
; Flow Summary                                                                      ;
+---------------------------------+-------------------------------------------------+
; Flow Status                     ; Successful - Thu Dec 05 17:50:28 2024           ;
; Quartus Prime Version           ; 18.0.0 Build 614 04/24/2018 SJ Standard Edition ;
; Revision Name                   ; signalselect                                    ;
; Top-level Entity Name           ; Block1                                          ;
; Family                          ; Cyclone V                                       ;
; Device                          ; 5CSEMA5F31C6                                    ;
; Timing Models                   ; Final                                           ;
; Logic utilization (in ALMs)     ; 50 / 32,070 ( < 1 % )                           ;
; Total registers                 ; 8                                               ;
; Total pins                      ; 14 / 457 ( 3 % )                                ;
; Total virtual pins              ; 0                                               ;
; Total block memory bits         ; 6,144 / 4,065,280 ( < 1 % )                     ;
; Total DSP Blocks                ; 0 / 87 ( 0 % )                                  ;
; Total HSSI RX PCSs              ; 0                                               ;
; Total HSSI PMA RX Deserializers ; 0                                               ;
; Total HSSI TX PCSs              ; 0                                               ;
; Total HSSI PMA TX Serializers   ; 0                                               ;
; Total PLLs                      ; 1 / 6 ( 17 % )                                  ;
; Total DLLs                      ; 0 / 4 ( 0 % )                                   ;
+---------------------------------+-------------------------------------------------+


+-----------------------------------------+
; Flow Settings                           ;
+-------------------+---------------------+
; Option            ; Setting             ;
+-------------------+---------------------+
; Start date & time ; 12/05/2024 17:49:40 ;
; Main task         ; Compilation         ;
; Revision Name     ; signalselect        ;
+-------------------+---------------------+


+-----------------------------------------------------------------------------------------------------------------------------+
; Flow Non-Default Global Settings                                                                                            ;
+-------------------------------------+----------------------------------------+---------------+-------------+----------------+
; Assignment Name                     ; Value                                  ; Default Value ; Entity Name ; Section Id     ;
+-------------------------------------+----------------------------------------+---------------+-------------+----------------+
; COMPILER_SIGNATURE_ID               ; 255638743527194.173339218005796        ; --            ; --          ; --             ;
; EDA_OUTPUT_DATA_FORMAT              ; Verilog Hdl                            ; --            ; --          ; eda_simulation ;
; EDA_SIMULATION_TOOL                 ; ModelSim-Altera (Verilog)              ; <None>        ; --          ; --             ;
; MAX_CORE_JUNCTION_TEMP              ; 85                                     ; --            ; --          ; --             ;
; MIN_CORE_JUNCTION_TEMP              ; 0                                      ; --            ; --          ; --             ;
; MISC_FILE                           ; romsin.bsf                             ; --            ; --          ; --             ;
; MISC_FILE                           ; romsin_inst.v                          ; --            ; --          ; --             ;
; MISC_FILE                           ; romsin_bb.v                            ; --            ; --          ; --             ;
; MISC_FILE                           ; romsin_syn.v                           ; --            ; --          ; --             ;
; MISC_FILE                           ; romsquare.bsf                          ; --            ; --          ; --             ;
; MISC_FILE                           ; romsquare_inst.v                       ; --            ; --          ; --             ;
; MISC_FILE                           ; romsquare_bb.v                         ; --            ; --          ; --             ;
; MISC_FILE                           ; romsquare_syn.v                        ; --            ; --          ; --             ;
; MISC_FILE                           ; romtriangle.bsf                        ; --            ; --          ; --             ;
; MISC_FILE                           ; romtriangle_inst.v                     ; --            ; --          ; --             ;
; MISC_FILE                           ; romtriangle_bb.v                       ; --            ; --          ; --             ;
; MISC_FILE                           ; romtriangle_syn.v                      ; --            ; --          ; --             ;
; MISC_FILE                           ; PLL.cmp                                ; --            ; --          ; --             ;
; MISC_FILE                           ; PLL_sim/PLL.vo                         ; --            ; --          ; --             ;
; PARTITION_COLOR                     ; -- (Not supported for targeted family) ; --            ; Block1      ; Top            ;
; PARTITION_FITTER_PRESERVATION_LEVEL ; -- (Not supported for targeted family) ; --            ; Block1      ; Top            ;
; PARTITION_NETLIST_TYPE              ; -- (Not supported for targeted family) ; --            ; Block1      ; Top            ;
; PROJECT_OUTPUT_DIRECTORY            ; output_files                           ; --            ; --          ; --             ;
; SPD_FILE                            ; PLL.spd                                ; --            ; --          ; --             ;
; SYNTHESIS_ONLY_QIP                  ; On                                     ; --            ; --          ; --             ;
; TOP_LEVEL_ENTITY                    ; Block1                                 ; signalselect  ; --          ; --             ;
+-------------------------------------+----------------------------------------+---------------+-------------+----------------+


+--------------------------------------------------------------------------------------------------------------------------+
; Flow Elapsed Time                                                                                                        ;
+----------------------+--------------+-------------------------+---------------------+------------------------------------+
; Module Name          ; Elapsed Time ; Average Processors Used ; Peak Virtual Memory ; Total CPU Time (on all processors) ;
+----------------------+--------------+-------------------------+---------------------+------------------------------------+
; Analysis & Synthesis ; 00:00:06     ; 1.0                     ; 4903 MB             ; 00:00:04                           ;
; Fitter               ; 00:00:31     ; 1.0                     ; 7979 MB             ; 00:00:48                           ;
; Assembler            ; 00:00:03     ; 1.0                     ; 4827 MB             ; 00:00:00                           ;
; Timing Analyzer      ; 00:00:04     ; 1.3                     ; 5329 MB             ; 00:00:01                           ;
; EDA Netlist Writer   ; 00:00:01     ; 1.0                     ; 4840 MB             ; 00:00:00                           ;
; Total                ; 00:00:45     ; --                      ; --                  ; 00:00:53                           ;
+----------------------+--------------+-------------------------+---------------------+------------------------------------+


+------------------------------------------------------------------------------------+
; Flow OS Summary                                                                    ;
+----------------------+------------------+------------+------------+----------------+
; Module Name          ; Machine Hostname ; OS Name    ; OS Version ; Processor type ;
+----------------------+------------------+------------+------------+----------------+
; Analysis & Synthesis ; LAPTOP-7LGF2RF6  ; Windows 10 ; 10.0       ; x86_64         ;
; Fitter               ; LAPTOP-7LGF2RF6  ; Windows 10 ; 10.0       ; x86_64         ;
; Assembler            ; LAPTOP-7LGF2RF6  ; Windows 10 ; 10.0       ; x86_64         ;
; Timing Analyzer      ; LAPTOP-7LGF2RF6  ; Windows 10 ; 10.0       ; x86_64         ;
; EDA Netlist Writer   ; LAPTOP-7LGF2RF6  ; Windows 10 ; 10.0       ; x86_64         ;
+----------------------+------------------+------------+------------+----------------+


------------
; Flow Log ;
------------
quartus_map --read_settings_files=on --write_settings_files=off signalselect -c signalselect
quartus_fit --read_settings_files=off --write_settings_files=off signalselect -c signalselect
quartus_asm --read_settings_files=off --write_settings_files=off signalselect -c signalselect
quartus_sta signalselect -c signalselect
quartus_eda --read_settings_files=off --write_settings_files=off signalselect -c signalselect



